kotlin version: 2.2.10
error message: java.lang.RuntimeException: Exception while generating code for:
FUN LOCAL_FUNCTION_FOR_LAMBDA name:ContractDialog$lambda$224 visibility:private modality:FINAL returnType:kotlin.Unit?
  VALUE_PARAMETER BOUND_VALUE_PARAMETER kind:Regular name:$player index:0 type:afm.ui.screen.squad.PlayerDetailUiModel
  VALUE_PARAMETER BOUND_VALUE_PARAMETER kind:Regular name:$formatCurrency index:1 type:kotlin.Function1<kotlin.Double, kotlin.String>
  VALUE_PARAMETER BOUND_VALUE_PARAMETER kind:Regular name:$wage$delegate index:2 type:androidx.compose.runtime.MutableState<kotlin.Double>
  VALUE_PARAMETER BOUND_VALUE_PARAMETER kind:Regular name:$years$delegate index:3 type:androidx.compose.runtime.MutableState<kotlin.Int>
  VALUE_PARAMETER BOUND_VALUE_PARAMETER kind:Regular name:$bonus$delegate index:4 type:androidx.compose.runtime.MutableState<kotlin.Int>
  VALUE_PARAMETER kind:Regular name:$composer index:5 type:androidx.compose.runtime.Composer? [assignable]
  VALUE_PARAMETER kind:Regular name:$changed index:6 type:kotlin.Int
  annotations:
    Composable
    ComposableTarget(applier = "androidx.compose.ui.UiComposable")
  BLOCK_BODY
    CALL 'public final fun sourceInformation (composer: androidx.compose.runtime.Composer, sourceInformation: kotlin.String): kotlin.Unit declared in androidx.compose.runtime.ComposerKt' type=kotlin.Unit origin=null
      ARG composer: GET_VAR '$composer: androidx.compose.runtime.Composer? [assignable] declared in afm.ui.screen.squad.PlayerDetailScreenKt.ContractDialog$lambda$224' type=androidx.compose.runtime.Composer? origin=null
      ARG sourceInformation: CONST String type=kotlin.String value="C1780@68239L3164:PlayerDetailScreen.kt#l90rwm"
    WHEN type=kotlin.Unit origin=IF
      BRANCH
        if: CALL 'public abstract fun shouldExecute (parametersChanged: kotlin.Boolean, flags: kotlin.Int): kotlin.Boolean declared in androidx.compose.runtime.Composer' type=kotlin.Boolean origin=null
          ARG <this>: GET_VAR '$composer: androidx.compose.runtime.Composer? [assignable] declared in afm.ui.screen.squad.PlayerDetailScreenKt.ContractDialog$lambda$224' type=androidx.compose.runtime.Composer? origin=null
          ARG parametersChanged: CALL 'public final fun not (): kotlin.Boolean [operator] declared in kotlin.Boolean' type=kotlin.Boolean origin=null
            ARG <this>: CALL 'public final fun EQEQ (arg0: kotlin.Any?, arg1: kotlin.Any?): kotlin.Boolean declared in kotlin.internal.ir' type=kotlin.Boolean origin=null
              ARG arg0: CALL 'public final fun and (other: kotlin.Int): kotlin.Int [infix] declared in kotlin.Int' type=kotlin.Int origin=null
                ARG <this>: GET_VAR '$changed: kotlin.Int declared in afm.ui.screen.squad.PlayerDetailScreenKt.ContractDialog$lambda$224' type=kotlin.Int origin=null
                ARG other: CONST Int type=kotlin.Int value=3
              ARG arg1: CONST Int type=kotlin.Int value=2
          ARG flags: CALL 'public final fun and (other: kotlin.Int): kotlin.Int [infix] declared in kotlin.Int' type=kotlin.Int origin=null
            ARG <this>: GET_VAR '$changed: kotlin.Int declared in afm.ui.screen.squad.PlayerDetailScreenKt.ContractDialog$lambda$224' type=kotlin.Int origin=null
            ARG other: CONST Int type=kotlin.Int value=1
        then: BLOCK type=kotlin.Unit origin=null
          WHEN type=kotlin.Unit origin=IF
            BRANCH
              if: CALL 'public final fun isTraceInProgress (): kotlin.Boolean declared in androidx.compose.runtime.ComposerKt' type=kotlin.Boolean origin=null
              then: CALL 'public final fun traceEventStart (key: kotlin.Int, dirty1: kotlin.Int, dirty2: kotlin.Int, info: kotlin.String): kotlin.Unit declared in androidx.compose.runtime.ComposerKt' type=kotlin.Unit origin=null
                ARG key: CONST Int type=kotlin.Int value=2083660171
                ARG dirty1: GET_VAR '$changed: kotlin.Int declared in afm.ui.screen.squad.PlayerDetailScreenKt.ContractDialog$lambda$224' type=kotlin.Int origin=null
                ARG dirty2: CONST Int type=kotlin.Int value=-1
                ARG info: CONST String type=kotlin.String value="afm.ui.screen.squad.ContractDialog.<anonymous> (PlayerDetailScreen.kt:1780)"
          CALL 'public final fun Column (modifier: androidx.compose.ui.Modifier?, verticalArrangement: androidx.compose.foundation.layout.Arrangement.Vertical?, horizontalAlignment: androidx.compose.ui.Alignment.Horizontal?, content: @[ExtensionFunctionType] kotlin.Function3<androidx.compose.foundation.layout.ColumnScope, androidx.compose.runtime.Composer, kotlin.Int, kotlin.Unit>, $composer: androidx.compose.runtime.Composer?, $changed: kotlin.Int, $default: kotlin.Int): kotlin.Unit [inline] declared in androidx.compose.foundation.layout.ColumnKt' type=kotlin.Unit origin=null
            ARG modifier: COMPOSITE type=kotlin.Nothing? origin=DEFAULT_VALUE
              CONST Null type=kotlin.Nothing? value=null
            ARG verticalArrangement: CALL 'public final fun spacedBy-0680j_4 (space: androidx.compose.ui.unit.Dp): androidx.compose.foundation.layout.Arrangement.HorizontalOrVertical declared in androidx.compose.foundation.layout.Arrangement' type=androidx.compose.foundation.layout.Arrangement.HorizontalOrVertical origin=null
              ARG <this>: GET_FIELD 'FIELD FIELD_FOR_OBJECT_INSTANCE name:INSTANCE type:androidx.compose.foundation.layout.Arrangement visibility:public [final,static] declared in androidx.compose.foundation.layout.Arrangement' type=androidx.compose.foundation.layout.Arrangement origin=null
              ARG space: CALL 'public final fun <get-dp> (<this>: kotlin.Int): androidx.compose.ui.unit.Dp [inline] declared in androidx.compose.ui.unit.DpKt' type=androidx.compose.ui.unit.Dp origin=GET_PROPERTY
                ARG <this>: CONST Int type=kotlin.Int value=16
            ARG horizontalAlignment: COMPOSITE type=kotlin.Nothing? origin=DEFAULT_VALUE
              CONST Null type=kotlin.Nothing? value=null
            ARG content: BLOCK type=@[ExtensionFunctionType] kotlin.Function3<androidx.compose.foundation.layout.ColumnScope, androidx.compose.runtime.Composer, kotlin.Int, kotlin.Unit> origin=LAMBDA
              COMPOSITE type=kotlin.Unit origin=null
              FUNCTION_REFERENCE 'private final fun ContractDialog$lambda$224$lambda$223 ($this$Column: androidx.compose.foundation.layout.ColumnScope, $player: afm.ui.screen.squad.PlayerDetailUiModel, $formatCurrency: kotlin.Function1<kotlin.Double, kotlin.String>, $wage$delegate: androidx.compose.runtime.MutableState<kotlin.Double>, $years$delegate: androidx.compose.runtime.MutableState<kotlin.Int>, $bonus$delegate: androidx.compose.runtime.MutableState<kotlin.Int>, $composer: androidx.compose.runtime.Composer?, $changed: kotlin.Int): kotlin.Unit declared in afm.ui.screen.squad.PlayerDetailScreenKt' type=@[ExtensionFunctionType] kotlin.Function3<androidx.compose.foundation.layout.ColumnScope, androidx.compose.runtime.Composer, kotlin.Int, kotlin.Unit> origin=INLINE_LAMBDA reflectionTarget=null
                ARG $player: GET_VAR '$player: afm.ui.screen.squad.PlayerDetailUiModel declared in afm.ui.screen.squad.PlayerDetailScreenKt.ContractDialog$lambda$224' type=afm.ui.screen.squad.PlayerDetailUiModel origin=null
                ARG $formatCurrency: GET_VAR '$formatCurrency: kotlin.Function1<kotlin.Double, kotlin.String> declared in afm.ui.screen.squad.PlayerDetailScreenKt.ContractDialog$lambda$224' type=kotlin.Function1<kotlin.Double, kotlin.String> origin=null
                ARG $wage$delegate: GET_VAR '$wage$delegate: androidx.compose.runtime.MutableState<kotlin.Double> declared in afm.ui.screen.squad.PlayerDetailScreenKt.ContractDialog$lambda$224' type=androidx.compose.runtime.MutableState<kotlin.Double> origin=null
                ARG $years$delegate: GET_VAR '$years$delegate: androidx.compose.runtime.MutableState<kotlin.Int> declared in afm.ui.screen.squad.PlayerDetailScreenKt.ContractDialog$lambda$224' type=androidx.compose.runtime.MutableState<kotlin.Int> origin=null
                ARG $bonus$delegate: GET_VAR '$bonus$delegate: androidx.compose.runtime.MutableState<kotlin.Int> declared in afm.ui.screen.squad.PlayerDetailScreenKt.ContractDialog$lambda$224' type=androidx.compose.runtime.MutableState<kotlin.Int> origin=null
            ARG $composer: GET_VAR '$composer: androidx.compose.runtime.Composer? [assignable] declared in afm.ui.screen.squad.PlayerDetailScreenKt.ContractDialog$lambda$224' type=androidx.compose.runtime.Composer? origin=null
            ARG $changed: CONST Int type=kotlin.Int value=48
            ARG $default: CONST Int type=kotlin.Int value=5
          WHEN type=kotlin.Unit origin=IF
            BRANCH
              if: CALL 'public final fun isTraceInProgress (): kotlin.Boolean declared in androidx.compose.runtime.ComposerKt' type=kotlin.Boolean origin=null
              then: CALL 'public final fun traceEventEnd (): kotlin.Unit declared in androidx.compose.runtime.ComposerKt' type=kotlin.Unit origin=null
      BRANCH
        if: CONST Boolean type=kotlin.Boolean value=true
        then: CALL 'public abstract fun skipToGroupEnd (): kotlin.Unit declared in androidx.compose.runtime.Composer' type=kotlin.Unit origin=null
          ARG <this>: GET_VAR '$composer: androidx.compose.runtime.Composer? [assignable] declared in afm.ui.screen.squad.PlayerDetailScreenKt.ContractDialog$lambda$224' type=androidx.compose.runtime.Composer? origin=null

	at org.jetbrains.kotlin.backend.jvm.codegen.FunctionCodegen.generate(FunctionCodegen.kt:50)
	at org.jetbrains.kotlin.backend.jvm.codegen.FunctionCodegen.generate$default(FunctionCodegen.kt:43)
	at org.jetbrains.kotlin.backend.jvm.codegen.ClassCodegen.generateMethodNode(ClassCodegen.kt:422)
	at org.jetbrains.kotlin.backend.jvm.codegen.ClassCodegen.generateMethod(ClassCodegen.kt:439)
	at org.jetbrains.kotlin.backend.jvm.codegen.ClassCodegen.generate(ClassCodegen.kt:164)
	at org.jetbrains.kotlin.backend.jvm.JvmIrCodegenFactory.generateFile(JvmIrCodegenFactory.kt:419)
	at org.jetbrains.kotlin.backend.jvm.JvmIrCodegenFactory.invokeCodegen(JvmIrCodegenFactory.kt:388)
	at org.jetbrains.kotlin.cli.jvm.compiler.KotlinToJVMBytecodeCompiler.runCodegen$cli(KotlinToJVMBytecodeCompiler.kt:431)
	at org.jetbrains.kotlin.cli.pipeline.jvm.JvmBackendPipelinePhase.executePhase(JvmBackendPipelinePhase.kt:95)
	at org.jetbrains.kotlin.cli.pipeline.jvm.JvmBackendPipelinePhase.executePhase(JvmBackendPipelinePhase.kt:36)
	at org.jetbrains.kotlin.cli.pipeline.jvm.JvmBackendPipelinePhase.executePhase(JvmBackendPipelinePhase.kt:29)
	at org.jetbrains.kotlin.cli.pipeline.PipelinePhase.phaseBody(PipelinePhase.kt:68)
	at org.jetbrains.kotlin.cli.pipeline.PipelinePhase.phaseBody(PipelinePhase.kt:58)
	at org.jetbrains.kotlin.config.phaser.NamedCompilerPhase.invoke(CompilerPhase.kt:102)
	at org.jetbrains.kotlin.backend.common.phaser.CompositePhase.invoke(PhaseBuilders.kt:22)
	at org.jetbrains.kotlin.config.phaser.CompilerPhaseKt.invokeToplevel(CompilerPhase.kt:53)
	at org.jetbrains.kotlin.cli.pipeline.AbstractCliPipeline.runPhasedPipeline(AbstractCliPipeline.kt:109)
	at org.jetbrains.kotlin.cli.pipeline.AbstractCliPipeline.execute(AbstractCliPipeline.kt:68)
	at org.jetbrains.kotlin.cli.jvm.K2JVMCompiler.doExecutePhased(K2JVMCompiler.kt:78)
	at org.jetbrains.kotlin.cli.jvm.K2JVMCompiler.doExecutePhased(K2JVMCompiler.kt:44)
	at org.jetbrains.kotlin.cli.common.CLICompiler.execImpl(CLICompiler.kt:90)
	at org.jetbrains.kotlin.cli.common.CLICompiler.exec(CLICompiler.kt:352)
	at org.jetbrains.kotlin.incremental.IncrementalJvmCompilerRunnerBase.runCompiler(IncrementalJvmCompilerRunnerBase.kt:175)
	at org.jetbrains.kotlin.incremental.IncrementalJvmCompilerRunnerBase.runCompiler(IncrementalJvmCompilerRunnerBase.kt:38)
	at org.jetbrains.kotlin.incremental.IncrementalCompilerRunner.doCompile(IncrementalCompilerRunner.kt:504)
	at org.jetbrains.kotlin.incremental.IncrementalCompilerRunner.compileImpl(IncrementalCompilerRunner.kt:421)
	at org.jetbrains.kotlin.incremental.IncrementalCompilerRunner.compileNonIncrementally(IncrementalCompilerRunner.kt:306)
	at org.jetbrains.kotlin.incremental.IncrementalCompilerRunner.compile(IncrementalCompilerRunner.kt:133)
	at org.jetbrains.kotlin.daemon.CompileServiceImplBase.execIncrementalCompiler(CompileServiceImpl.kt:679)
	at org.jetbrains.kotlin.daemon.CompileServiceImplBase.access$execIncrementalCompiler(CompileServiceImpl.kt:93)
	at org.jetbrains.kotlin.daemon.CompileServiceImpl.compile(CompileServiceImpl.kt:1806)
	at java.base/jdk.internal.reflect.DirectMethodHandleAccessor.invoke(Unknown Source)
	at java.base/java.lang.reflect.Method.invoke(Unknown Source)
	at java.rmi/sun.rmi.server.UnicastServerRef.dispatch(Unknown Source)
	at java.rmi/sun.rmi.transport.Transport$1.run(Unknown Source)
	at java.rmi/sun.rmi.transport.Transport$1.run(Unknown Source)
	at java.base/java.security.AccessController.doPrivileged(Unknown Source)
	at java.rmi/sun.rmi.transport.Transport.serviceCall(Unknown Source)
	at java.rmi/sun.rmi.transport.tcp.TCPTransport.handleMessages(Unknown Source)
	at java.rmi/sun.rmi.transport.tcp.TCPTransport$ConnectionHandler.run0(Unknown Source)
	at java.rmi/sun.rmi.transport.tcp.TCPTransport$ConnectionHandler.lambda$run$0(Unknown Source)
	at java.base/java.security.AccessController.doPrivileged(Unknown Source)
	at java.rmi/sun.rmi.transport.tcp.TCPTransport$ConnectionHandler.run(Unknown Source)
	at java.base/java.util.concurrent.ThreadPoolExecutor.runWorker(Unknown Source)
	at java.base/java.util.concurrent.ThreadPoolExecutor$Worker.run(Unknown Source)
	at java.base/java.lang.Thread.run(Unknown Source)
Caused by: java.lang.OutOfMemoryError: Java heap space
	at java.base/java.util.Arrays.copyOfRange(Unknown Source)
	at java.base/java.lang.String.<init>(Unknown Source)
	at java.base/java.lang.String.<init>(Unknown Source)
	at java.base/java.lang.StringBuilder.toString(Unknown Source)
	at org.jetbrains.kotlin.codegen.inline.InlineCodegenUtilsKt.getNodeText(inlineCodegenUtils.kt:245)
	at org.jetbrains.kotlin.codegen.inline.MethodInliner.wrapException(MethodInliner.kt:1000)
	at org.jetbrains.kotlin.codegen.inline.MethodInliner.preprocessNodeBeforeInline(MethodInliner.kt:783)
	at org.jetbrains.kotlin.codegen.inline.MethodInliner.markPlacesForInlineAndRemoveInlinable(MethodInliner.kt:605)
	at org.jetbrains.kotlin.codegen.inline.MethodInliner.doInline(MethodInliner.kt:93)
	at org.jetbrains.kotlin.codegen.inline.MethodInliner.access$doInline(MethodInliner.kt:41)
	at org.jetbrains.kotlin.codegen.inline.MethodInliner$doInline$lambdaInliner$1.visitMethodInsn(MethodInliner.kt:346)
	at org.jetbrains.org.objectweb.asm.tree.MethodInsnNode.accept(MethodInsnNode.java:115)
	at org.jetbrains.org.objectweb.asm.tree.InsnList.accept(InsnList.java:144)
	at org.jetbrains.org.objectweb.asm.tree.MethodNode.accept(MethodNode.java:749)
	at org.jetbrains.kotlin.codegen.inline.MethodInliner.doInline(MethodInliner.kt:426)
	at org.jetbrains.kotlin.codegen.inline.MethodInliner.doInline(MethodInliner.kt:98)
	at org.jetbrains.kotlin.codegen.inline.MethodInliner.doInline(MethodInliner.kt:72)
	at org.jetbrains.kotlin.backend.jvm.codegen.IrInlineCodegen.inlineCall(IrInlineCodegen.kt:314)
	at org.jetbrains.kotlin.backend.jvm.codegen.IrInlineCodegen.genInlineCall(IrInlineCodegen.kt:68)
	at org.jetbrains.kotlin.backend.jvm.codegen.IrInlineCallGenerator.genCall(IrInlineCallGenerator.kt:36)
	at org.jetbrains.kotlin.backend.jvm.codegen.ExpressionCodegen.visitCall(ExpressionCodegen.kt:586)
	at org.jetbrains.kotlin.backend.jvm.codegen.ExpressionCodegen.visitCall(ExpressionCodegen.kt:135)
	at org.jetbrains.kotlin.ir.expressions.IrCall.accept(IrCall.kt:24)
	at org.jetbrains.kotlin.backend.jvm.codegen.ExpressionCodegen.visitStatementContainer(ExpressionCodegen.kt:527)
	at org.jetbrains.kotlin.backend.jvm.codegen.ExpressionCodegen.visitContainerExpression(ExpressionCodegen.kt:541)
	at org.jetbrains.kotlin.backend.jvm.codegen.ExpressionCodegen.visitContainerExpression(ExpressionCodegen.kt:135)
	at org.jetbrains.kotlin.ir.visitors.IrVisitor.visitBlock(IrVisitor.kt:122)
	at org.jetbrains.kotlin.backend.jvm.codegen.ExpressionCodegen.visitBlock(ExpressionCodegen.kt:413)
	at org.jetbrains.kotlin.backend.jvm.codegen.ExpressionCodegen.visitBlock(ExpressionCodegen.kt:135)
	at org.jetbrains.kotlin.ir.expressions.IrBlock.accept(IrBlock.kt:18)
	at org.jetbrains.kotlin.backend.jvm.codegen.ExpressionCodegen.visitWhen(ExpressionCodegen.kt:1049)
	at org.jetbrains.kotlin.backend.jvm.codegen.ExpressionCodegen.visitWhen(ExpressionCodegen.kt:135)


